# Logfile created on Sat May 02 19:20:04 +0200 2009  [4;36;1mSQL (0.3ms)[0m   [0;1m SELECT name
 FROM sqlite_master
 WHERE type = 'table' AND NOT name = 'sqlite_sequence'
[0m
  [4;35;1mSQL (22.6ms)[0m   [0mselect sqlite_version(*)[0m
  [4;36;1mSQL (5.3ms)[0m   [0;1mCREATE TABLE "schema_migrations" ("version" varchar(255) NOT NULL) [0m
  [4;35;1mSQL (2.5ms)[0m   [0mCREATE UNIQUE INDEX "unique_schema_migrations" ON "schema_migrations" ("version")[0m
  [4;36;1mSQL (0.5ms)[0m   [0;1m SELECT name
 FROM sqlite_master
 WHERE type = 'table' AND NOT name = 'sqlite_sequence'
[0m
  [4;35;1mSQL (0.2ms)[0m   [0mSELECT version FROM schema_migrations[0m
Migrating to BortMigration (20080929171348)
  [4;36;1mSQL (2.8ms)[0m   [0;1mCREATE TABLE "sessions" ("id" INTEGER PRIMARY KEY AUTOINCREMENT NOT NULL, "session_id" varchar(255) NOT NULL, "data" text, "created_at" datetime, "updated_at" datetime) [0m
  [4;35;1mSQL (2.5ms)[0m   [0mCREATE INDEX "index_sessions_on_session_id" ON "sessions" ("session_id")[0m
  [4;36;1mSQL (2.2ms)[0m   [0;1mCREATE INDEX "index_sessions_on_updated_at" ON "sessions" ("updated_at")[0m
  [4;35;1mSQL (0.4ms)[0m   [0m SELECT name
 FROM sqlite_master
 WHERE type = 'table' AND NOT name = 'sqlite_sequence'
[0m
  [4;36;1mSQL (2.4ms)[0m   [0;1mCREATE TABLE "open_id_authentication_associations" ("id" INTEGER PRIMARY KEY AUTOINCREMENT NOT NULL, "issued" integer, "lifetime" integer, "handle" varchar(255), "assoc_type" varchar(255), "server_url" blob, "secret" blob) [0m
  [4;35;1mSQL (0.5ms)[0m   [0m SELECT name
 FROM sqlite_master
 WHERE type = 'table' AND NOT name = 'sqlite_sequence'
[0m
  [4;36;1mSQL (2.8ms)[0m   [0;1mCREATE TABLE "open_id_authentication_nonces" ("id" INTEGER PRIMARY KEY AUTOINCREMENT NOT NULL, "timestamp" integer NOT NULL, "server_url" varchar(255), "salt" varchar(255) NOT NULL) [0m
  [4;35;1mSQL (3.7ms)[0m   [0mCREATE TABLE "users" ("id" INTEGER PRIMARY KEY AUTOINCREMENT NOT NULL, "login" varchar(40), "identity_url" varchar(255), "name" varchar(100) DEFAULT '', "email" varchar(100), "crypted_password" varchar(40), "salt" varchar(40), "remember_token" varchar(40), "activation_code" varchar(40), "state" varchar(255) DEFAULT 'passive' NOT NULL, "remember_token_expires_at" datetime, "activated_at" datetime, "deleted_at" datetime, "created_at" datetime, "updated_at" datetime) [0m
  [4;36;1mSQL (2.8ms)[0m   [0;1mCREATE UNIQUE INDEX "index_users_on_login" ON "users" ("login")[0m
  [4;35;1mSQL (2.3ms)[0m   [0mCREATE TABLE "passwords" ("id" INTEGER PRIMARY KEY AUTOINCREMENT NOT NULL, "user_id" integer, "reset_code" varchar(255), "expiration_date" datetime, "created_at" datetime, "updated_at" datetime) [0m
  [4;36;1mSQL (4.7ms)[0m   [0;1mCREATE TABLE "roles" ("id" INTEGER PRIMARY KEY AUTOINCREMENT NOT NULL, "name" varchar(255)) [0m
  [4;35;1mSQL (2.6ms)[0m   [0mCREATE TABLE "roles_users" ("role_id" integer, "user_id" integer) [0m
  [4;36;1mRole Create (0.4ms)[0m   [0;1mINSERT INTO "roles" ("name") VALUES('admin')[0m
  [4;35;1mUser Exists (0.3ms)[0m   [0mSELECT "users".id FROM "users" WHERE (LOWER("users"."login") = 'admin') LIMIT 1[0m
  [4;36;1mUser Exists (0.1ms)[0m   [0;1mSELECT "users".id FROM "users" WHERE (LOWER("users"."email") = 'patrik@starkast.net') LIMIT 1[0m
  [4;35;1mUser Create (0.6ms)[0m   [0mINSERT INTO "users" ("name", "salt", "activated_at", "updated_at", "crypted_password", "deleted_at", "activation_code", "remember_token_expires_at", "identity_url", "remember_token", "login", "email", "state", "created_at") VALUES('', 'b17123edb3f59b8c6d6a9316d4d164b669142ad1', NULL, '2009-05-02 17:20:07', '95d5b1d7c81fb17641ce5d0e1696cbc4ab0e8bb9', NULL, NULL, NULL, NULL, NULL, 'admin', 'patrik@starkast.net', 'passive', '2009-05-02 17:20:07')[0m
Sent mail to patrik@starkast.net

Date: Sat, 2 May 2009 19:20:07 +0200
From: patrik@starkast.net
To: patrik@starkast.net
Subject: [movielist] Please activate your new account
Mime-Version: 1.0
Content-Type: text/plain; charset=utf-8

Your account has been created.

Username: admin

Visit this url to activate your account:

http://localhost:3001/activate/
  [4;36;1mUser Update (87.0ms)[0m   [0;1mUPDATE "users" SET "activation_code" = '7065a1285f3110aa6625ad3e53f881b2db6d4f5d', "state" = 'pending', "updated_at" = '2009-05-02 17:20:07' WHERE "id" = 1[0m
  [4;35;1mUser Update (0.8ms)[0m   [0mUPDATE "users" SET "activated_at" = '2009-05-02 17:20:07', "activation_code" = NULL, "state" = 'active', "updated_at" = '2009-05-02 17:20:07' WHERE "id" = 1[0m
Sent mail to patrik@starkast.net

Date: Sat, 2 May 2009 19:20:07 +0200
From: patrik@starkast.net
To: patrik@starkast.net
Subject: [movielist] Your account has been activated!
Mime-Version: 1.0
Content-Type: text/plain; charset=utf-8

admin, your account has been activated.  Welcome aboard!

http://localhost:3001
  [4;36;1mSQL (0.5ms)[0m   [0;1mINSERT INTO "roles_users" ("role_id", "user_id") VALUES (1, 1)[0m
  [4;35;1mSQL (2.6ms)[0m   [0mINSERT INTO schema_migrations (version) VALUES ('20080929171348')[0m
  [4;36;1mSQL (0.5ms)[0m   [0;1m SELECT name
 FROM sqlite_master
 WHERE type = 'table' AND NOT name = 'sqlite_sequence'
[0m
  [4;35;1mSQL (0.1ms)[0m   [0mSELECT version FROM schema_migrations[0m
  [4;36;1mSQL (0.3ms)[0m   [0;1m SELECT name
 FROM sqlite_master
 WHERE type = 'table' AND NOT name = 'sqlite_sequence'
[0m
  [4;35;1mSQL (0.6ms)[0m   [0mPRAGMA index_list("open_id_authentication_associations")[0m
  [4;36;1mSQL (0.1ms)[0m   [0;1mPRAGMA index_list("open_id_authentication_nonces")[0m
  [4;35;1mSQL (0.1ms)[0m   [0mPRAGMA index_list("passwords")[0m
  [4;36;1mSQL (0.0ms)[0m   [0;1mPRAGMA index_list("roles")[0m
  [4;35;1mSQL (0.0ms)[0m   [0mPRAGMA index_list("roles_users")[0m
  [4;36;1mSQL (0.1ms)[0m   [0;1mPRAGMA index_list("sessions")[0m
  [4;35;1mSQL (0.1ms)[0m   [0mPRAGMA index_info('index_sessions_on_updated_at')[0m
  [4;36;1mSQL (0.1ms)[0m   [0;1mPRAGMA index_info('index_sessions_on_session_id')[0m
  [4;35;1mSQL (0.1ms)[0m   [0mPRAGMA index_list("users")[0m
  [4;36;1mSQL (0.1ms)[0m   [0;1mPRAGMA index_info('index_users_on_login')[0m
